{"C:\\Users\\codix\\OneDrive\\Desktop\\my project\\MediGenius\\frontend\\src\\App.jsx": {"path":"C:\\Users\\codix\\OneDrive\\Desktop\\my project\\MediGenius\\frontend\\src\\App.jsx","statementMap":{"0":{"start":{"line":7,"column":36},"end":{"line":7,"column":null}},"1":{"start":{"line":8,"column":30},"end":{"line":8,"column":null}},"2":{"start":{"line":9,"column":30},"end":{"line":9,"column":null}},"3":{"start":{"line":10,"column":46},"end":{"line":10,"column":null}},"4":{"start":{"line":11,"column":36},"end":{"line":11,"column":null}},"5":{"start":{"line":12,"column":24},"end":{"line":12,"column":null}},"6":{"start":{"line":15,"column":2},"end":{"line":26,"column":null}},"7":{"start":{"line":16,"column":4},"end":{"line":16,"column":null}},"8":{"start":{"line":18,"column":4},"end":{"line":25,"column":null}},"9":{"start":{"line":19,"column":19},"end":{"line":19,"column":29}},"10":{"start":{"line":21,"column":8},"end":{"line":23,"column":null}},"11":{"start":{"line":22,"column":10},"end":{"line":22,"column":null}},"12":{"start":{"line":25,"column":20},"end":{"line":25,"column":64}},"13":{"start":{"line":28,"column":24},"end":{"line":38,"column":null}},"14":{"start":{"line":29,"column":4},"end":{"line":37,"column":null}},"15":{"start":{"line":30,"column":18},"end":{"line":30,"column":null}},"16":{"start":{"line":31,"column":19},"end":{"line":31,"column":null}},"17":{"start":{"line":32,"column":6},"end":{"line":34,"column":null}},"18":{"start":{"line":33,"column":8},"end":{"line":33,"column":null}},"19":{"start":{"line":36,"column":6},"end":{"line":36,"column":null}},"20":{"start":{"line":40,"column":20},"end":{"line":43,"column":null}},"21":{"start":{"line":41,"column":4},"end":{"line":41,"column":null}},"22":{"start":{"line":42,"column":4},"end":{"line":42,"column":null}},"23":{"start":{"line":42,"column":21},"end":{"line":42,"column":61}},"24":{"start":{"line":45,"column":28},"end":{"line":77,"column":null}},"25":{"start":{"line":47,"column":20},"end":{"line":47,"column":null}},"26":{"start":{"line":48,"column":4},"end":{"line":48,"column":null}},"27":{"start":{"line":48,"column":24},"end":{"line":48,"column":42}},"28":{"start":{"line":49,"column":4},"end":{"line":49,"column":null}},"29":{"start":{"line":51,"column":4},"end":{"line":76,"column":null}},"30":{"start":{"line":52,"column":18},"end":{"line":56,"column":null}},"31":{"start":{"line":57,"column":19},"end":{"line":57,"column":null}},"32":{"start":{"line":59,"column":6},"end":{"line":70,"column":null}},"33":{"start":{"line":60,"column":23},"end":{"line":65,"column":null}},"34":{"start":{"line":66,"column":8},"end":{"line":66,"column":null}},"35":{"start":{"line":66,"column":28},"end":{"line":66,"column":45}},"36":{"start":{"line":67,"column":8},"end":{"line":67,"column":null}},"37":{"start":{"line":69,"column":8},"end":{"line":69,"column":null}},"38":{"start":{"line":72,"column":6},"end":{"line":72,"column":null}},"39":{"start":{"line":73,"column":6},"end":{"line":73,"column":null}},"40":{"start":{"line":75,"column":6},"end":{"line":75,"column":null}},"41":{"start":{"line":79,"column":24},"end":{"line":92,"column":null}},"42":{"start":{"line":80,"column":4},"end":{"line":91,"column":null}},"43":{"start":{"line":81,"column":18},"end":{"line":81,"column":null}},"44":{"start":{"line":82,"column":19},"end":{"line":82,"column":null}},"45":{"start":{"line":83,"column":6},"end":{"line":88,"column":null}},"46":{"start":{"line":84,"column":8},"end":{"line":84,"column":null}},"47":{"start":{"line":85,"column":8},"end":{"line":85,"column":null}},"48":{"start":{"line":86,"column":8},"end":{"line":86,"column":null}},"49":{"start":{"line":87,"column":8},"end":{"line":87,"column":null}},"50":{"start":{"line":90,"column":6},"end":{"line":90,"column":null}},"51":{"start":{"line":94,"column":28},"end":{"line":107,"column":null}},"52":{"start":{"line":95,"column":4},"end":{"line":106,"column":null}},"53":{"start":{"line":96,"column":18},"end":{"line":96,"column":null}},"54":{"start":{"line":97,"column":19},"end":{"line":97,"column":null}},"55":{"start":{"line":98,"column":6},"end":{"line":103,"column":null}},"56":{"start":{"line":99,"column":8},"end":{"line":99,"column":null}},"57":{"start":{"line":100,"column":8},"end":{"line":100,"column":null}},"58":{"start":{"line":102,"column":8},"end":{"line":102,"column":null}},"59":{"start":{"line":102,"column":37},"end":{"line":102,"column":null}},"60":{"start":{"line":105,"column":6},"end":{"line":105,"column":null}},"61":{"start":{"line":109,"column":30},"end":{"line":126,"column":null}},"62":{"start":{"line":110,"column":4},"end":{"line":110,"column":null}},"63":{"start":{"line":110,"column":46},"end":{"line":110,"column":null}},"64":{"start":{"line":112,"column":4},"end":{"line":125,"column":null}},"65":{"start":{"line":113,"column":18},"end":{"line":113,"column":null}},"66":{"start":{"line":114,"column":19},"end":{"line":114,"column":null}},"67":{"start":{"line":115,"column":6},"end":{"line":122,"column":null}},"68":{"start":{"line":116,"column":8},"end":{"line":116,"column":null}},"69":{"start":{"line":117,"column":8},"end":{"line":120,"column":null}},"70":{"start":{"line":118,"column":10},"end":{"line":118,"column":null}},"71":{"start":{"line":119,"column":10},"end":{"line":119,"column":null}},"72":{"start":{"line":121,"column":8},"end":{"line":121,"column":null}},"73":{"start":{"line":124,"column":6},"end":{"line":124,"column":null}},"74":{"start":{"line":128,"column":2},"end":{"line":195,"column":null}},"75":{"start":{"line":142,"column":29},"end":{"line":142,"column":null}},"76":{"start":{"line":164,"column":85},"end":{"line":164,"column":null}}},"fnMap":{"0":{"name":"App","decl":{"start":{"line":6,"column":9},"end":{"line":6,"column":15}},"loc":{"start":{"line":6,"column":15},"end":{"line":197,"column":null}},"line":6},"1":{"name":"(anonymous_1)","decl":{"start":{"line":15,"column":12},"end":{"line":15,"column":18}},"loc":{"start":{"line":15,"column":18},"end":{"line":26,"column":5}},"line":15},"2":{"name":"(anonymous_2)","decl":{"start":{"line":19,"column":12},"end":{"line":19,"column":19}},"loc":{"start":{"line":19,"column":19},"end":{"line":19,"column":29}},"line":19},"3":{"name":"(anonymous_3)","decl":{"start":{"line":20,"column":12},"end":{"line":20,"column":20}},"loc":{"start":{"line":20,"column":20},"end":{"line":24,"column":7}},"line":20},"4":{"name":"(anonymous_4)","decl":{"start":{"line":25,"column":13},"end":{"line":25,"column":20}},"loc":{"start":{"line":25,"column":20},"end":{"line":25,"column":64}},"line":25},"5":{"name":"(anonymous_5)","decl":{"start":{"line":28,"column":24},"end":{"line":28,"column":36}},"loc":{"start":{"line":28,"column":36},"end":{"line":38,"column":null}},"line":28},"6":{"name":"(anonymous_6)","decl":{"start":{"line":40,"column":20},"end":{"line":40,"column":21}},"loc":{"start":{"line":40,"column":33},"end":{"line":43,"column":null}},"line":40},"7":{"name":"(anonymous_7)","decl":{"start":{"line":42,"column":15},"end":{"line":42,"column":21}},"loc":{"start":{"line":42,"column":21},"end":{"line":42,"column":61}},"line":42},"8":{"name":"(anonymous_8)","decl":{"start":{"line":45,"column":28},"end":{"line":45,"column":35}},"loc":{"start":{"line":45,"column":44},"end":{"line":77,"column":null}},"line":45},"9":{"name":"(anonymous_9)","decl":{"start":{"line":48,"column":16},"end":{"line":48,"column":24}},"loc":{"start":{"line":48,"column":24},"end":{"line":48,"column":42}},"line":48},"10":{"name":"(anonymous_10)","decl":{"start":{"line":66,"column":20},"end":{"line":66,"column":28}},"loc":{"start":{"line":66,"column":28},"end":{"line":66,"column":45}},"line":66},"11":{"name":"(anonymous_11)","decl":{"start":{"line":79,"column":24},"end":{"line":79,"column":36}},"loc":{"start":{"line":79,"column":36},"end":{"line":92,"column":null}},"line":79},"12":{"name":"(anonymous_12)","decl":{"start":{"line":94,"column":28},"end":{"line":94,"column":35}},"loc":{"start":{"line":94,"column":49},"end":{"line":107,"column":null}},"line":94},"13":{"name":"(anonymous_13)","decl":{"start":{"line":109,"column":30},"end":{"line":109,"column":37}},"loc":{"start":{"line":109,"column":51},"end":{"line":126,"column":null}},"line":109},"14":{"name":"(anonymous_14)","decl":{"start":{"line":142,"column":23},"end":{"line":142,"column":29}},"loc":{"start":{"line":142,"column":29},"end":{"line":142,"column":null}},"line":142},"15":{"name":"(anonymous_15)","decl":{"start":{"line":164,"column":79},"end":{"line":164,"column":85}},"loc":{"start":{"line":164,"column":85},"end":{"line":164,"column":null}},"line":164}},"branchMap":{"0":{"loc":{"start":{"line":21,"column":8},"end":{"line":23,"column":null}},"type":"if","locations":[{"start":{"line":21,"column":8},"end":{"line":23,"column":null}},{"start":{},"end":{}}],"line":21},"1":{"loc":{"start":{"line":21,"column":12},"end":{"line":21,"column":43}},"type":"binary-expr","locations":[{"start":{"line":21,"column":12},"end":{"line":21,"column":28}},{"start":{"line":21,"column":28},"end":{"line":21,"column":43}}],"line":21},"2":{"loc":{"start":{"line":32,"column":6},"end":{"line":34,"column":null}},"type":"if","locations":[{"start":{"line":32,"column":6},"end":{"line":34,"column":null}},{"start":{},"end":{}}],"line":32},"3":{"loc":{"start":{"line":59,"column":6},"end":{"line":70,"column":null}},"type":"if","locations":[{"start":{"line":59,"column":6},"end":{"line":70,"column":null}},{"start":{"line":68,"column":13},"end":{"line":70,"column":null}}],"line":59},"4":{"loc":{"start":{"line":83,"column":6},"end":{"line":88,"column":null}},"type":"if","locations":[{"start":{"line":83,"column":6},"end":{"line":88,"column":null}},{"start":{},"end":{}}],"line":83},"5":{"loc":{"start":{"line":98,"column":6},"end":{"line":103,"column":null}},"type":"if","locations":[{"start":{"line":98,"column":6},"end":{"line":103,"column":null}},{"start":{},"end":{}}],"line":98},"6":{"loc":{"start":{"line":102,"column":8},"end":{"line":102,"column":null}},"type":"if","locations":[{"start":{"line":102,"column":8},"end":{"line":102,"column":null}},{"start":{},"end":{}}],"line":102},"7":{"loc":{"start":{"line":110,"column":4},"end":{"line":110,"column":null}},"type":"if","locations":[{"start":{"line":110,"column":4},"end":{"line":110,"column":null}},{"start":{},"end":{}}],"line":110},"8":{"loc":{"start":{"line":115,"column":6},"end":{"line":122,"column":null}},"type":"if","locations":[{"start":{"line":115,"column":6},"end":{"line":122,"column":null}},{"start":{},"end":{}}],"line":115},"9":{"loc":{"start":{"line":117,"column":8},"end":{"line":120,"column":null}},"type":"if","locations":[{"start":{"line":117,"column":8},"end":{"line":120,"column":null}},{"start":{},"end":{}}],"line":117},"10":{"loc":{"start":{"line":150,"column":39},"end":{"line":150,"column":72}},"type":"cond-expr","locations":[{"start":{"line":150,"column":53},"end":{"line":150,"column":70}},{"start":{"line":150,"column":70},"end":{"line":150,"column":72}}],"line":150},"11":{"loc":{"start":{"line":150,"column":97},"end":{"line":150,"column":152}},"type":"cond-expr","locations":[{"start":{"line":150,"column":138},"end":{"line":150,"column":148}},{"start":{"line":150,"column":148},"end":{"line":150,"column":152}}],"line":150},"12":{"loc":{"start":{"line":150,"column":97},"end":{"line":150,"column":138}},"type":"binary-expr","locations":[{"start":{"line":150,"column":97},"end":{"line":150,"column":112}},{"start":{"line":150,"column":112},"end":{"line":150,"column":138}}],"line":150},"13":{"loc":{"start":{"line":191,"column":44},"end":{"line":191,"column":68}},"type":"cond-expr","locations":[{"start":{"line":191,"column":57},"end":{"line":191,"column":66}},{"start":{"line":191,"column":66},"end":{"line":191,"column":68}}],"line":191}},"s":{"0":8,"1":8,"2":8,"3":8,"4":8,"5":8,"6":8,"7":4,"8":4,"9":4,"10":4,"11":1,"12":0,"13":8,"14":6,"15":6,"16":6,"17":6,"18":6,"19":0,"20":8,"21":1,"22":1,"23":0,"24":8,"25":1,"26":1,"27":1,"28":1,"29":1,"30":1,"31":1,"32":1,"33":1,"34":1,"35":1,"36":1,"37":0,"38":0,"39":0,"40":1,"41":8,"42":1,"43":1,"44":1,"45":1,"46":1,"47":1,"48":1,"49":1,"50":0,"51":8,"52":0,"53":0,"54":0,"55":0,"56":0,"57":0,"58":0,"59":0,"60":0,"61":8,"62":0,"63":0,"64":0,"65":0,"66":0,"67":0,"68":0,"69":0,"70":0,"71":0,"72":0,"73":0,"74":8,"75":0,"76":0},"f":{"0":8,"1":4,"2":4,"3":4,"4":0,"5":6,"6":1,"7":0,"8":1,"9":1,"10":1,"11":1,"12":0,"13":0,"14":0,"15":0},"b":{"0":[1,3],"1":[4,4],"2":[6,0],"3":[1,0],"4":[1,0],"5":[0,0],"6":[0,0],"7":[0,0],"8":[0,0],"9":[0,0],"10":[8,0],"11":[8,0],"12":[8,8],"13":[1,7]},"meta":{"lastBranch":14,"lastFunction":16,"lastStatement":77,"seen":{"f:6:9:6:15":0,"s:7:36:7:Infinity":0,"s:8:30:8:Infinity":1,"s:9:30:9:Infinity":2,"s:10:46:10:Infinity":3,"s:11:36:11:Infinity":4,"s:12:24:12:Infinity":5,"s:15:2:26:Infinity":6,"f:15:12:15:18":1,"s:16:4:16:Infinity":7,"s:18:4:25:Infinity":8,"f:19:12:19:19":2,"s:19:19:19:29":9,"f:20:12:20:20":3,"b:21:8:23:Infinity:undefined:undefined:undefined:undefined":0,"s:21:8:23:Infinity":10,"b:21:12:21:28:21:28:21:43":1,"s:22:10:22:Infinity":11,"f:25:13:25:20":4,"s:25:20:25:64":12,"s:28:24:38:Infinity":13,"f:28:24:28:36":5,"s:29:4:37:Infinity":14,"s:30:18:30:Infinity":15,"s:31:19:31:Infinity":16,"b:32:6:34:Infinity:undefined:undefined:undefined:undefined":2,"s:32:6:34:Infinity":17,"s:33:8:33:Infinity":18,"s:36:6:36:Infinity":19,"s:40:20:43:Infinity":20,"f:40:20:40:21":6,"s:41:4:41:Infinity":21,"s:42:4:42:Infinity":22,"f:42:15:42:21":7,"s:42:21:42:61":23,"s:45:28:77:Infinity":24,"f:45:28:45:35":8,"s:47:20:47:Infinity":25,"s:48:4:48:Infinity":26,"f:48:16:48:24":9,"s:48:24:48:42":27,"s:49:4:49:Infinity":28,"s:51:4:76:Infinity":29,"s:52:18:56:Infinity":30,"s:57:19:57:Infinity":31,"b:59:6:70:Infinity:68:13:70:Infinity":3,"s:59:6:70:Infinity":32,"s:60:23:65:Infinity":33,"s:66:8:66:Infinity":34,"f:66:20:66:28":10,"s:66:28:66:45":35,"s:67:8:67:Infinity":36,"s:69:8:69:Infinity":37,"s:72:6:72:Infinity":38,"s:73:6:73:Infinity":39,"s:75:6:75:Infinity":40,"s:79:24:92:Infinity":41,"f:79:24:79:36":11,"s:80:4:91:Infinity":42,"s:81:18:81:Infinity":43,"s:82:19:82:Infinity":44,"b:83:6:88:Infinity:undefined:undefined:undefined:undefined":4,"s:83:6:88:Infinity":45,"s:84:8:84:Infinity":46,"s:85:8:85:Infinity":47,"s:86:8:86:Infinity":48,"s:87:8:87:Infinity":49,"s:90:6:90:Infinity":50,"s:94:28:107:Infinity":51,"f:94:28:94:35":12,"s:95:4:106:Infinity":52,"s:96:18:96:Infinity":53,"s:97:19:97:Infinity":54,"b:98:6:103:Infinity:undefined:undefined:undefined:undefined":5,"s:98:6:103:Infinity":55,"s:99:8:99:Infinity":56,"s:100:8:100:Infinity":57,"b:102:8:102:Infinity:undefined:undefined:undefined:undefined":6,"s:102:8:102:Infinity":58,"s:102:37:102:Infinity":59,"s:105:6:105:Infinity":60,"s:109:30:126:Infinity":61,"f:109:30:109:37":13,"b:110:4:110:Infinity:undefined:undefined:undefined:undefined":7,"s:110:4:110:Infinity":62,"s:110:46:110:Infinity":63,"s:112:4:125:Infinity":64,"s:113:18:113:Infinity":65,"s:114:19:114:Infinity":66,"b:115:6:122:Infinity:undefined:undefined:undefined:undefined":8,"s:115:6:122:Infinity":67,"s:116:8:116:Infinity":68,"b:117:8:120:Infinity:undefined:undefined:undefined:undefined":9,"s:117:8:120:Infinity":69,"s:118:10:118:Infinity":70,"s:119:10:119:Infinity":71,"s:121:8:121:Infinity":72,"s:124:6:124:Infinity":73,"s:128:2:195:Infinity":74,"f:142:23:142:29":14,"s:142:29:142:Infinity":75,"b:150:53:150:70:150:70:150:72":10,"b:150:138:150:148:150:148:150:152":11,"b:150:97:150:112:150:112:150:138":12,"f:164:79:164:85":15,"s:164:85:164:Infinity":76,"b:191:57:191:66:191:66:191:68":13}}}
,"C:\\Users\\codix\\OneDrive\\Desktop\\my project\\MediGenius\\frontend\\src\\components\\ChatArea.jsx": {"path":"C:\\Users\\codix\\OneDrive\\Desktop\\my project\\MediGenius\\frontend\\src\\components\\ChatArea.jsx","statementMap":{"0":{"start":{"line":4,"column":17},"end":{"line":141,"column":null}},"1":{"start":{"line":5,"column":10},"end":{"line":5,"column":null}},"2":{"start":{"line":7,"column":27},"end":{"line":9,"column":null}},"3":{"start":{"line":8,"column":8},"end":{"line":8,"column":null}},"4":{"start":{"line":11,"column":4},"end":{"line":13,"column":null}},"5":{"start":{"line":12,"column":8},"end":{"line":12,"column":null}},"6":{"start":{"line":15,"column":4},"end":{"line":72,"column":null}},"7":{"start":{"line":16,"column":8},"end":{"line":70,"column":null}},"8":{"start":{"line":38,"column":36},"end":{"line":45,"column":null}},"9":{"start":{"line":41,"column":55},"end":{"line":41,"column":null}},"10":{"start":{"line":74,"column":4},"end":{"line":139,"column":null}},"11":{"start":{"line":78,"column":20},"end":{"line":120,"column":null}}},"fnMap":{"0":{"name":"(anonymous_0)","decl":{"start":{"line":4,"column":17},"end":{"line":4,"column":18}},"loc":{"start":{"line":4,"column":62},"end":{"line":141,"column":null}},"line":4},"1":{"name":"(anonymous_1)","decl":{"start":{"line":7,"column":27},"end":{"line":7,"column":33}},"loc":{"start":{"line":7,"column":33},"end":{"line":9,"column":null}},"line":7},"2":{"name":"(anonymous_2)","decl":{"start":{"line":11,"column":14},"end":{"line":11,"column":20}},"loc":{"start":{"line":11,"column":20},"end":{"line":13,"column":7}},"line":11},"3":{"name":"(anonymous_3)","decl":{"start":{"line":37,"column":38},"end":{"line":37,"column":39}},"loc":{"start":{"line":38,"column":36},"end":{"line":45,"column":null}},"line":38},"4":{"name":"(anonymous_4)","decl":{"start":{"line":41,"column":49},"end":{"line":41,"column":55}},"loc":{"start":{"line":41,"column":55},"end":{"line":41,"column":null}},"line":41},"5":{"name":"(anonymous_5)","decl":{"start":{"line":77,"column":30},"end":{"line":77,"column":31}},"loc":{"start":{"line":78,"column":20},"end":{"line":120,"column":null}},"line":78}},"branchMap":{"0":{"loc":{"start":{"line":15,"column":4},"end":{"line":72,"column":null}},"type":"if","locations":[{"start":{"line":15,"column":4},"end":{"line":72,"column":null}},{"start":{},"end":{}}],"line":15},"1":{"loc":{"start":{"line":78,"column":59},"end":{"line":78,"column":111}},"type":"cond-expr","locations":[{"start":{"line":78,"column":81},"end":{"line":78,"column":98}},{"start":{"line":78,"column":98},"end":{"line":78,"column":111}}],"line":78},"2":{"loc":{"start":{"line":80,"column":29},"end":{"line":83,"column":null}},"type":"binary-expr","locations":[{"start":{"line":80,"column":29},"end":{"line":80,"column":null}},{"start":{"line":81,"column":32},"end":{"line":83,"column":null}}],"line":80},"3":{"loc":{"start":{"line":91,"column":37},"end":{"line":91,"column":null}},"type":"binary-expr","locations":[{"start":{"line":91,"column":37},"end":{"line":91,"column":54}},{"start":{"line":91,"column":41},"end":{"line":91,"column":null}}],"line":91},"4":{"loc":{"start":{"line":94,"column":33},"end":{"line":110,"column":null}},"type":"binary-expr","locations":[{"start":{"line":94,"column":33},"end":{"line":94,"column":null}},{"start":{"line":95,"column":36},"end":{"line":110,"column":null}}],"line":94},"5":{"loc":{"start":{"line":96,"column":41},"end":{"line":100,"column":null}},"type":"binary-expr","locations":[{"start":{"line":96,"column":41},"end":{"line":96,"column":null}},{"start":{"line":97,"column":44},"end":{"line":100,"column":null}}],"line":96},"6":{"loc":{"start":{"line":114,"column":29},"end":{"line":117,"column":null}},"type":"binary-expr","locations":[{"start":{"line":114,"column":29},"end":{"line":114,"column":null}},{"start":{"line":115,"column":32},"end":{"line":117,"column":null}}],"line":114},"7":{"loc":{"start":{"line":123,"column":17},"end":{"line":135,"column":null}},"type":"binary-expr","locations":[{"start":{"line":123,"column":17},"end":{"line":123,"column":null}},{"start":{"line":124,"column":20},"end":{"line":135,"column":null}}],"line":123}},"s":{"0":2,"1":11,"2":11,"3":10,"4":11,"5":10,"6":11,"7":8,"8":48,"9":0,"10":3,"11":5},"f":{"0":11,"1":10,"2":10,"3":48,"4":0,"5":5},"b":{"0":[8,3],"1":[3,2],"2":[5,2],"3":[5,0],"4":[5,2],"5":[2,2],"6":[5,3],"7":[3,1]},"meta":{"lastBranch":8,"lastFunction":6,"lastStatement":12,"seen":{"s:4:17:141:Infinity":0,"f:4:17:4:18":0,"s:5:10:5:Infinity":1,"s:7:27:9:Infinity":2,"f:7:27:7:33":1,"s:8:8:8:Infinity":3,"s:11:4:13:Infinity":4,"f:11:14:11:20":2,"s:12:8:12:Infinity":5,"b:15:4:72:Infinity:undefined:undefined:undefined:undefined":0,"s:15:4:72:Infinity":6,"s:16:8:70:Infinity":7,"f:37:38:37:39":3,"s:38:36:45:Infinity":8,"f:41:49:41:55":4,"s:41:55:41:Infinity":9,"s:74:4:139:Infinity":10,"f:77:30:77:31":5,"s:78:20:120:Infinity":11,"b:78:81:78:98:78:98:78:111":1,"b:80:29:80:Infinity:81:32:83:Infinity":2,"b:91:37:91:54:91:41:91:Infinity":3,"b:94:33:94:Infinity:95:36:110:Infinity":4,"b:96:41:96:Infinity:97:44:100:Infinity":5,"b:114:29:114:Infinity:115:32:117:Infinity":6,"b:123:17:123:Infinity:124:20:135:Infinity":7}}}
,"C:\\Users\\codix\\OneDrive\\Desktop\\my project\\MediGenius\\frontend\\src\\components\\InputArea.jsx": {"path":"C:\\Users\\codix\\OneDrive\\Desktop\\my project\\MediGenius\\frontend\\src\\components\\InputArea.jsx","statementMap":{"0":{"start":{"line":3,"column":18},"end":{"line":55,"column":null}},"1":{"start":{"line":4,"column":30},"end":{"line":4,"column":null}},"2":{"start":{"line":6,"column":23},"end":{"line":11,"column":null}},"3":{"start":{"line":7,"column":8},"end":{"line":10,"column":null}},"4":{"start":{"line":8,"column":12},"end":{"line":8,"column":null}},"5":{"start":{"line":9,"column":12},"end":{"line":9,"column":null}},"6":{"start":{"line":13,"column":27},"end":{"line":18,"column":null}},"7":{"start":{"line":14,"column":8},"end":{"line":17,"column":null}},"8":{"start":{"line":15,"column":12},"end":{"line":15,"column":null}},"9":{"start":{"line":16,"column":12},"end":{"line":16,"column":null}},"10":{"start":{"line":20,"column":4},"end":{"line":53,"column":null}},"11":{"start":{"line":29,"column":41},"end":{"line":29,"column":null}}},"fnMap":{"0":{"name":"(anonymous_0)","decl":{"start":{"line":3,"column":18},"end":{"line":3,"column":19}},"loc":{"start":{"line":3,"column":51},"end":{"line":55,"column":null}},"line":3},"1":{"name":"(anonymous_1)","decl":{"start":{"line":6,"column":23},"end":{"line":6,"column":29}},"loc":{"start":{"line":6,"column":29},"end":{"line":11,"column":null}},"line":6},"2":{"name":"(anonymous_2)","decl":{"start":{"line":13,"column":27},"end":{"line":13,"column":28}},"loc":{"start":{"line":13,"column":34},"end":{"line":18,"column":null}},"line":13},"3":{"name":"(anonymous_3)","decl":{"start":{"line":29,"column":34},"end":{"line":29,"column":35}},"loc":{"start":{"line":29,"column":41},"end":{"line":29,"column":null}},"line":29}},"branchMap":{"0":{"loc":{"start":{"line":7,"column":8},"end":{"line":10,"column":null}},"type":"if","locations":[{"start":{"line":7,"column":8},"end":{"line":10,"column":null}},{"start":{},"end":{}}],"line":7},"1":{"loc":{"start":{"line":7,"column":12},"end":{"line":7,"column":41}},"type":"binary-expr","locations":[{"start":{"line":7,"column":12},"end":{"line":7,"column":30}},{"start":{"line":7,"column":30},"end":{"line":7,"column":41}}],"line":7},"2":{"loc":{"start":{"line":14,"column":8},"end":{"line":17,"column":null}},"type":"if","locations":[{"start":{"line":14,"column":8},"end":{"line":17,"column":null}},{"start":{},"end":{}}],"line":14},"3":{"loc":{"start":{"line":14,"column":12},"end":{"line":14,"column":46}},"type":"binary-expr","locations":[{"start":{"line":14,"column":12},"end":{"line":14,"column":33}},{"start":{"line":14,"column":33},"end":{"line":14,"column":46}}],"line":14},"4":{"loc":{"start":{"line":42,"column":34},"end":{"line":42,"column":null}},"type":"binary-expr","locations":[{"start":{"line":42,"column":34},"end":{"line":42,"column":53}},{"start":{"line":42,"column":53},"end":{"line":42,"column":null}}],"line":42}},"s":{"0":2,"1":13,"2":13,"3":2,"4":2,"5":2,"6":13,"7":0,"8":0,"9":0,"10":13,"11":2},"f":{"0":13,"1":2,"2":0,"3":2},"b":{"0":[2,0],"1":[2,2],"2":[0,0],"3":[0,0],"4":[13,2]},"meta":{"lastBranch":5,"lastFunction":4,"lastStatement":12,"seen":{"s:3:18:55:Infinity":0,"f:3:18:3:19":0,"s:4:30:4:Infinity":1,"s:6:23:11:Infinity":2,"f:6:23:6:29":1,"b:7:8:10:Infinity:undefined:undefined:undefined:undefined":0,"s:7:8:10:Infinity":3,"b:7:12:7:30:7:30:7:41":1,"s:8:12:8:Infinity":4,"s:9:12:9:Infinity":5,"s:13:27:18:Infinity":6,"f:13:27:13:28":2,"b:14:8:17:Infinity:undefined:undefined:undefined:undefined":2,"s:14:8:17:Infinity":7,"b:14:12:14:33:14:33:14:46":3,"s:15:12:15:Infinity":8,"s:16:12:16:Infinity":9,"s:20:4:53:Infinity":10,"f:29:34:29:35":3,"s:29:41:29:Infinity":11,"b:42:34:42:53:42:53:42:Infinity":4}}}
,"C:\\Users\\codix\\OneDrive\\Desktop\\my project\\MediGenius\\frontend\\src\\components\\Sidebar.jsx": {"path":"C:\\Users\\codix\\OneDrive\\Desktop\\my project\\MediGenius\\frontend\\src\\components\\Sidebar.jsx","statementMap":{"0":{"start":{"line":3,"column":16},"end":{"line":103,"column":null}},"1":{"start":{"line":4,"column":4},"end":{"line":101,"column":null}},"2":{"start":{"line":49,"column":36},"end":{"line":67,"column":null}},"3":{"start":{"line":52,"column":55},"end":{"line":52,"column":null}},"4":{"start":{"line":61,"column":48},"end":{"line":61,"column":null}},"5":{"start":{"line":62,"column":48},"end":{"line":62,"column":null}}},"fnMap":{"0":{"name":"(anonymous_0)","decl":{"start":{"line":3,"column":16},"end":{"line":3,"column":17}},"loc":{"start":{"line":3,"column":121},"end":{"line":103,"column":null}},"line":3},"1":{"name":"(anonymous_1)","decl":{"start":{"line":48,"column":48},"end":{"line":48,"column":49}},"loc":{"start":{"line":49,"column":36},"end":{"line":67,"column":null}},"line":49},"2":{"name":"(anonymous_2)","decl":{"start":{"line":52,"column":49},"end":{"line":52,"column":55}},"loc":{"start":{"line":52,"column":55},"end":{"line":52,"column":null}},"line":52},"3":{"name":"(anonymous_3)","decl":{"start":{"line":60,"column":53},"end":{"line":60,"column":54}},"loc":{"start":{"line":60,"column":60},"end":{"line":63,"column":null}},"line":60}},"branchMap":{"0":{"loc":{"start":{"line":15,"column":54},"end":{"line":15,"column":111}},"type":"cond-expr","locations":[{"start":{"line":15,"column":64},"end":{"line":15,"column":100}},{"start":{"line":15,"column":100},"end":{"line":15,"column":111}}],"line":15},"1":{"loc":{"start":{"line":15,"column":135},"end":{"line":15,"column":183}},"type":"cond-expr","locations":[{"start":{"line":15,"column":145},"end":{"line":15,"column":167}},{"start":{"line":15,"column":167},"end":{"line":15,"column":183}}],"line":15},"2":{"loc":{"start":{"line":42,"column":29},"end":{"line":68,"column":null}},"type":"cond-expr","locations":[{"start":{"line":43,"column":32},"end":{"line":46,"column":null}},{"start":{"line":48,"column":32},"end":{"line":68,"column":null}}],"line":42},"3":{"loc":{"start":{"line":51,"column":64},"end":{"line":51,"column":119}},"type":"cond-expr","locations":[{"start":{"line":51,"column":106},"end":{"line":51,"column":117}},{"start":{"line":51,"column":117},"end":{"line":51,"column":119}}],"line":51},"4":{"loc":{"start":{"line":55,"column":78},"end":{"line":55,"column":108}},"type":"binary-expr","locations":[{"start":{"line":55,"column":78},"end":{"line":55,"column":97}},{"start":{"line":55,"column":97},"end":{"line":55,"column":108}}],"line":55}},"s":{"0":2,"1":10,"2":3,"3":0,"4":0,"5":0},"f":{"0":10,"1":3,"2":0,"3":0},"b":{"0":[0,10],"1":[0,10],"2":[8,2],"3":[1,2],"4":[3,0]},"meta":{"lastBranch":5,"lastFunction":4,"lastStatement":6,"seen":{"s:3:16:103:Infinity":0,"f:3:16:3:17":0,"s:4:4:101:Infinity":1,"b:15:64:15:100:15:100:15:111":0,"b:15:145:15:167:15:167:15:183":1,"b:43:32:46:Infinity:48:32:68:Infinity":2,"f:48:48:48:49":1,"s:49:36:67:Infinity":2,"b:51:106:51:117:51:117:51:119":3,"f:52:49:52:55":2,"s:52:55:52:Infinity":3,"b:55:78:55:97:55:97:55:108":4,"f:60:53:60:54":3,"s:61:48:61:Infinity":4,"s:62:48:62:Infinity":5}}}
}
